AudioAR/Library/Bee/Android/Prj/Mono2x/Gradle/unityLibrary/build/intermediates/manifest_merge_blame_file/debug/manifest-merger-blame-debug-report.txt
1<?xml version="1.0" encoding="utf-8"?>
2<manifest xmlns:android="http://schemas.android.com/apk/res/android"
3    xmlns:tools="http://schemas.android.com/tools"
4    package="com.unity3d.player"
5    android:versionCode="1"
6    android:versionName="0.1" >
7
8    <uses-sdk
9        android:minSdkVersion="24"
9-->src\main\AndroidManifest.xml
10        android:targetSdkVersion="30" />
10-->src\main\AndroidManifest.xml
11
12    <uses-feature android:glEsVersion="0x00030000" />
12-->src\main\AndroidManifest.xml:18:3-52
12-->src\main\AndroidManifest.xml:18:17-49
13
14    <uses-permission android:name="android.permission.INTERNET" />
14-->src\main\AndroidManifest.xml:19:3-65
14-->src\main\AndroidManifest.xml:19:20-62
15    <uses-permission android:name="android.permission.ACCESS_NETWORK_STATE" />
15-->src\main\AndroidManifest.xml:20:3-77
15-->src\main\AndroidManifest.xml:20:20-74
16
17    <uses-feature
17-->src\main\AndroidManifest.xml:21:3-88
18        android:name="android.hardware.touchscreen"
18-->src\main\AndroidManifest.xml:21:17-60
19        android:required="false" />
19-->src\main\AndroidManifest.xml:21:61-85
20    <uses-feature
20-->src\main\AndroidManifest.xml:22:3-99
21        android:name="android.hardware.touchscreen.multitouch"
21-->src\main\AndroidManifest.xml:22:17-71
22        android:required="false" />
22-->src\main\AndroidManifest.xml:22:72-96
23    <uses-feature
23-->src\main\AndroidManifest.xml:23:3-108
24        android:name="android.hardware.touchscreen.multitouch.distinct"
24-->src\main\AndroidManifest.xml:23:17-80
25        android:required="false" />
25-->src\main\AndroidManifest.xml:23:81-105
26
27    <uses-permission android:name="android.permission.CAMERA" />
27-->src\main\AndroidManifest.xml:24:3-63
27-->src\main\AndroidManifest.xml:24:20-60
28
29    <uses-feature
29-->src\main\AndroidManifest.xml:25:3-85
30        android:name="android.hardware.camera.ar"
30-->src\main\AndroidManifest.xml:25:17-58
31        android:required="true" />
31-->src\main\AndroidManifest.xml:25:59-82
32    <uses-feature
32-->src\main\AndroidManifest.xml:26:3-83
33        android:name="com.google.ar.core.depth"
33-->src\main\AndroidManifest.xml:26:17-56
34        android:required="true" />
34-->src\main\AndroidManifest.xml:26:57-80
35
36    <application android:extractNativeLibs="true" >
36-->src\main\AndroidManifest.xml:3:3-17:17
36-->src\main\AndroidManifest.xml:3:16-48
37        <activity
37-->src\main\AndroidManifest.xml:4:5-10:16
38            android:name="com.unity3d.player.UnityPlayerActivity"
38-->src\main\AndroidManifest.xml:4:15-68
39            android:configChanges="mcc|mnc|locale|touchscreen|keyboard|keyboardHidden|navigation|orientation|screenLayout|uiMode|screenSize|smallestScreenSize|fontScale|layoutDirection|density"
39-->src\main\AndroidManifest.xml:4:181-362
40            android:hardwareAccelerated="false"
40-->src\main\AndroidManifest.xml:4:398-433
41            android:launchMode="singleTask"
41-->src\main\AndroidManifest.xml:4:149-180
42            android:resizeableActivity="false"
42-->src\main\AndroidManifest.xml:4:363-397
43            android:screenOrientation="landscape"
43-->src\main\AndroidManifest.xml:4:111-148
44            android:theme="@style/UnityThemeSelector" >
44-->src\main\AndroidManifest.xml:4:69-110
45            <intent-filter>
45-->src\main\AndroidManifest.xml:5:7-8:23
46                <action android:name="android.intent.action.MAIN" />
46-->src\main\AndroidManifest.xml:6:9-61
46-->src\main\AndroidManifest.xml:6:17-58
47
48                <category android:name="android.intent.category.LAUNCHER" />
48-->src\main\AndroidManifest.xml:7:9-69
48-->src\main\AndroidManifest.xml:7:19-66
49            </intent-filter>
50
51            <meta-data
51-->src\main\AndroidManifest.xml:9:7-82
52                android:name="unityplayer.UnityActivity"
52-->src\main\AndroidManifest.xml:9:18-58
53                android:value="true" />
53-->src\main\AndroidManifest.xml:9:59-79
54        </activity>
55
56        <meta-data
56-->src\main\AndroidManifest.xml:11:5-69
57            android:name="unity.splash-mode"
57-->src\main\AndroidManifest.xml:11:16-48
58            android:value="0" />
58-->src\main\AndroidManifest.xml:11:49-66
59        <meta-data
59-->src\main\AndroidManifest.xml:12:5-74
60            android:name="unity.splash-enable"
60-->src\main\AndroidManifest.xml:12:16-50
61            android:value="True" />
61-->src\main\AndroidManifest.xml:12:51-71
62        <meta-data
62-->src\main\AndroidManifest.xml:13:5-78
63            android:name="unity.launch-fullscreen"
63-->src\main\AndroidManifest.xml:13:16-54
64            android:value="True" />
64-->src\main\AndroidManifest.xml:13:55-75
65        <meta-data
65-->src\main\AndroidManifest.xml:14:5-84
66            android:name="unity.allow-resizable-window"
66-->src\main\AndroidManifest.xml:14:16-59
67            android:value="False" />
67-->src\main\AndroidManifest.xml:14:60-81
68        <meta-data
68-->src\main\AndroidManifest.xml:15:5-88
69            android:name="unityplayer.SkipPermissionsDialog"
69-->src\main\AndroidManifest.xml:15:16-64
70            android:value="true" />
70-->src\main\AndroidManifest.xml:15:65-85
71        <meta-data
71-->src\main\AndroidManifest.xml:16:5-77
72            android:name="com.google.ar.core"
72-->src\main\AndroidManifest.xml:16:16-49
73            android:value="required" />
73-->src\main\AndroidManifest.xml:16:50-74
74    </application>
75
76</manifest>